<?xml version="1.0" encoding="UTF-8"?>
<!-- Generated by org.testng.reporters.JUnitReportReporter -->
<testsuite skipped="0" hostname="1mg-lptp-1092.local" name="com.qa.test.PostAPITest" tests="1" failures="0" timestamp="03 Jun 2020 06:43:33 GMT" time="2.210" errors="0">
  <testcase name="postAPITest" time="2.210" classname="com.qa.test.PostAPITest"/>
</testsuite> <!-- com.qa.test.PostAPITest -->
