<?xml version="1.0" encoding="UTF-8"?>
<!-- Generated by org.testng.reporters.JUnitReportReporter -->
<testsuite skipped="0" hostname="1mg-lptp-1092.local" name="com.qa.test.GetAPITest" tests="2" failures="0" timestamp="02 Jun 2020 03:06:58 GMT" time="1.871" errors="0">
  <testcase name="getAPITestWithoutHeaders" time="1.301" classname="com.qa.test.GetAPITest"/>
  <testcase name="getAPITestWithHeaders" time="0.570" classname="com.qa.test.GetAPITest"/>
</testsuite> <!-- com.qa.test.GetAPITest -->
